<?xml version="1.0" encoding="UTF-8"?>
<testsuite xmlns:xsi="http://www.w3.org/2001/XMLSchema-instance" xsi:noNamespaceSchemaLocation="https://maven.apache.org/surefire/maven-surefire-plugin/xsd/surefire-test-report.xsd" version="3.0.2" name="de.fraunhofer.ipa.openclawtestservice.weather.application.WeatherCodeDescriptionsTest" time="0.145" tests="29" errors="0" skipped="0" failures="0" flakes="0">
  <properties>
[...]
</properties>
  <testcase name="mapsWeatherCode(int, String)[1]" classname="de.fraunhofer.ipa.openclawtestservice.weather.application.WeatherCodeDescriptionsTest" time="0.049"/>
  <testcase name="mapsWeatherCode(int, String)[2]" classname="de.fraunhofer.ipa.openclawtestservice.weather.application.WeatherCodeDescriptionsTest" time="0.002"/>
  <testcase name="mapsWeatherCode(int, String)[3]" classname="de.fraunhofer.ipa.openclawtestservice.weather.application.WeatherCodeDescriptionsTest" time="0.001"/>
  <testcase name="mapsWeatherCode(int, String)[4]" classname="de.fraunhofer.ipa.openclawtestservice.weather.application.WeatherCodeDescriptionsTest" time="0.001"/>
  <testcase name="mapsWeatherCode(int, String)[5]" classname="de.fraunhofer.ipa.openclawtestservice.weather.application.WeatherCodeDescriptionsTest" time="0.002"/>
  <testcase name="mapsWeatherCode(int, String)[6]" classname="de.fraunhofer.ipa.openclawtestservice.weather.application.WeatherCodeDescriptionsTest" time="0.001"/>
  <testcase name="mapsWeatherCode(int, String)[7]" classname="de.fraunhofer.ipa.openclawtestservice.weather.application.WeatherCodeDescriptionsTest" time="0.001"/>
  <testcase name="mapsWeatherCode(int, String)[8]" classname="de.fraunhofer.ipa.openclawtestservice.weather.application.WeatherCodeDescriptionsTest" time="0.001"/>
  <testcase name="mapsWeatherCode(int, String)[9]" classname="de.fraunhofer.ipa.openclawtestservice.weather.application.WeatherCodeDescriptionsTest" time="0.001"/>
  <testcase name="mapsWeatherCode(int, String)[10]" classname="de.fraunhofer.ipa.openclawtestservice.weather.application.WeatherCodeDescriptionsTest" time="0.001"/>
  <testcase name="mapsWeatherCode(int, String)[11]" classname="de.fraunhofer.ipa.openclawtestservice.weather.application.WeatherCodeDescriptionsTest" time="0.001"/>
  <testcase name="mapsWeatherCode(int, String)[12]" classname="de.fraunhofer.ipa.openclawtestservice.weather.application.WeatherCodeDescriptionsTest" time="0.0"/>
  <testcase name="mapsWeatherCode(int, String)[13]" classname="de.fraunhofer.ipa.openclawtestservice.weather.application.WeatherCodeDescriptionsTest" time="0.001"/>
  <testcase name="mapsWeatherCode(int, String)[14]" classname="de.fraunhofer.ipa.openclawtestservice.weather.application.WeatherCodeDescriptionsTest" time="0.001"/>
  <testcase name="mapsWeatherCode(int, String)[15]" classname="de.fraunhofer.ipa.openclawtestservice.weather.application.WeatherCodeDescriptionsTest" time="0.001"/>
  <testcase name="mapsWeatherCode(int, String)[16]" classname="de.fraunhofer.ipa.openclawtestservice.weather.application.WeatherCodeDescriptionsTest" time="0.001"/>
  <testcase name="mapsWeatherCode(int, String)[17]" classname="de.fraunhofer.ipa.openclawtestservice.weather.application.WeatherCodeDescriptionsTest" time="0.001"/>
  <testcase name="mapsWeatherCode(int, String)[18]" classname="de.fraunhofer.ipa.openclawtestservice.weather.application.WeatherCodeDescriptionsTest" time="0.001"/>
  <testcase name="mapsWeatherCode(int, String)[19]" classname="de.fraunhofer.ipa.openclawtestservice.weather.application.WeatherCodeDescriptionsTest" time="0.001"/>
  <testcase name="mapsWeatherCode(int, String)[20]" classname="de.fraunhofer.ipa.openclawtestservice.weather.application.WeatherCodeDescriptionsTest" time="0.001"/>
  <testcase name="mapsWeatherCode(int, String)[21]" classname="de.fraunhofer.ipa.openclawtestservice.weather.application.WeatherCodeDescriptionsTest" time="0.002"/>
  <testcase name="mapsWeatherCode(int, String)[22]" classname="de.fraunhofer.ipa.openclawtestservice.weather.application.WeatherCodeDescriptionsTest" time="0.001"/>
  <testcase name="mapsWeatherCode(int, String)[23]" classname="de.fraunhofer.ipa.openclawtestservice.weather.application.WeatherCodeDescriptionsTest" time="0.001"/>
  <testcase name="mapsWeatherCode(int, String)[24]" classname="de.fraunhofer.ipa.openclawtestservice.weather.application.WeatherCodeDescriptionsTest" time="0.0"/>
  <testcase name="mapsWeatherCode(int, String)[25]" classname="de.fraunhofer.ipa.openclawtestservice.weather.application.WeatherCodeDescriptionsTest" time="0.001"/>
  <testcase name="mapsWeatherCode(int, String)[26]" classname="de.fraunhofer.ipa.openclawtestservice.weather.application.WeatherCodeDescriptionsTest" time="0.001"/>
  <testcase name="mapsWeatherCode(int, String)[27]" classname="de.fraunhofer.ipa.openclawtestservice.weather.application.WeatherCodeDescriptionsTest" time="0.002"/>
  <testcase name="mapsWeatherCode(int, String)[28]" classname="de.fraunhofer.ipa.openclawtestservice.weather.application.WeatherCodeDescriptionsTest" time="0.001"/>
  <testcase name="mapsWeatherCode(int, String)[29]" classname="de.fraunhofer.ipa.openclawtestservice.weather.application.WeatherCodeDescriptionsTest" time="0.001"/>
</testsuite>