<?xml version="1.0" encoding="UTF-8"?>
<testsuite xmlns:xsi="http://www.w3.org/2001/XMLSchema-instance" xsi:noNamespaceSchemaLocation="https://maven.apache.org/surefire/maven-failsafe-plugin/xsd/failsafe-test-report.xsd" version="3.0.2" name="de.fraunhofer.ipa.openclawtestservice.HealthEndpointIT" time="3.27" tests="1" errors="0" skipped="0" failures="0" flakes="0">
  <properties>
[...]
</properties>
  <testcase name="healthEndpointReportsUp" classname="de.fraunhofer.ipa.openclawtestservice.HealthEndpointIT" time="0.796">
    <system-out><![CDATA[16:29:54.630 [main] INFO org.springframework.test.context.support.AnnotationConfigContextLoaderUtils -- Could not detect default configuration classes for test class [de.fraunhofer.ipa.openclawtestservice.HealthEndpointIT]: HealthEndpointIT does not declare any static, non-private, non-final, nested classes annotated with @Configuration.
16:29:54.721 [main] INFO org.springframework.boot.test.context.SpringBootTestContextBootstrapper -- Found @SpringBootConfiguration de.fraunhofer.ipa.openclawtestservice.OpenclawTestServiceApplication for test class de.fraunhofer.ipa.openclawtestservice.HealthEndpointIT
16:29:54.780 [main] INFO org.springframework.test.context.support.AnnotationConfigContextLoaderUtils -- Could not detect default configuration classes for test class [de.fraunhofer.ipa.openclawtestservice.HealthEndpointIT]: HealthEndpointIT does not declare any static, non-private, non-final, nested classes annotated with @Configuration.
16:29:54.782 [main] INFO org.springframework.boot.test.context.SpringBootTestContextBootstrapper -- Found @SpringBootConfiguration de.fraunhofer.ipa.openclawtestservice.OpenclawTestServiceApplication for test class de.fraunhofer.ipa.openclawtestservice.HealthEndpointIT

  .   ____          _            __ _ _
 /\\ / ___'_ __ _ _(_)_ __  __ _ \ \ \ \
( ( )\___ | '_ | '_| | '_ \/ _` | \ \ \ \
 \\/  ___)| |_)| | | | | || (_| |  ) ) ) )
  '  |____| .__|_| |_|_| |_\__, | / / / /
 =========|_|==============|___/=/_/_/_/

 :: Spring Boot ::                (v4.1.1)

2026-09-10T16:29:55.204Z  INFO 91009 --- [openclaw-test-service] [           main] d.f.i.o.HealthEndpointIT                 : Starting HealthEndpointIT using Java 21.0.12 with PID 91009 (started by openclaw in /home/openclaw/openclaw-test-service)
2026-09-10T16:29:55.205Z  INFO 91009 --- [openclaw-test-service] [           main] d.f.i.o.HealthEndpointIT                 : No active profile set, falling back to 1 default profile: "default"
2026-09-10T16:29:56.154Z  INFO 91009 --- [openclaw-test-service] [           main] o.s.boot.tomcat.TomcatWebServer          : Tomcat initialized with port 0 (http)
2026-09-10T16:29:56.166Z  INFO 91009 --- [openclaw-test-service] [           main] o.apache.catalina.core.StandardService   : Starting service [Tomcat]
2026-09-10T16:29:56.167Z  INFO 91009 --- [openclaw-test-service] [           main] o.apache.catalina.core.StandardEngine    : Starting Servlet engine: [Apache Tomcat/11.0.24]
2026-09-10T16:29:56.205Z  INFO 91009 --- [openclaw-test-service] [           main] b.w.c.s.WebApplicationContextInitializer : Root WebApplicationContext: initialization completed in 980 ms
2026-09-10T16:29:56.823Z  INFO 91009 --- [openclaw-test-service] [           main] o.s.b.a.e.web.EndpointLinksResolver      : Exposing 2 endpoints beneath base path '/actuator'
2026-09-10T16:29:56.874Z  INFO 91009 --- [openclaw-test-service] [           main] o.s.boot.tomcat.TomcatWebServer          : Tomcat started on port 35837 (http) with context path '/'
2026-09-10T16:29:56.883Z  INFO 91009 --- [openclaw-test-service] [           main] d.f.i.o.HealthEndpointIT                 : Started HealthEndpointIT in 1.933 seconds (process running for 2.908)
2026-09-10T16:29:56.954Z  WARN 91009 --- [openclaw-test-service] [           main] o.s.core.events.SpringDocAppInitializer  : SpringDoc /v3/api-docs endpoint is enabled by default. To disable it in production, set the property 'springdoc.api-docs.enabled=false'
2026-09-10T16:29:56.954Z  WARN 91009 --- [openclaw-test-service] [           main] o.s.core.events.SpringDocAppInitializer  : SpringDoc /swagger-ui.html endpoint is enabled by default. To disable it in production, set the property 'springdoc.swagger-ui.enabled=false'
2026-09-10T16:29:57.591Z  INFO 91009 --- [openclaw-test-service] [o-auto-1-exec-1] o.a.c.c.C.[Tomcat].[localhost].[/]       : Initializing Spring DispatcherServlet 'dispatcherServlet'
2026-09-10T16:29:57.592Z  INFO 91009 --- [openclaw-test-service] [o-auto-1-exec-1] o.s.web.servlet.DispatcherServlet        : Initializing Servlet 'dispatcherServlet'
2026-09-10T16:29:57.594Z  INFO 91009 --- [openclaw-test-service] [o-auto-1-exec-1] o.s.web.servlet.DispatcherServlet        : Completed initialization in 1 ms
]]></system-out>
    <system-err><![CDATA[Mockito is currently self-attaching to enable the inline-mock-maker. This will no longer work in future releases of the JDK. Please add Mockito as an agent to your build as described in Mockito's documentation: https://javadoc.io/doc/org.mockito/mockito-core/latest/org.mockito/org/mockito/Mockito.html#0.3
WARNING: A Java agent has been loaded dynamically (/home/openclaw/.m2/repository/net/bytebuddy/byte-buddy-agent/1.18.11/byte-buddy-agent-1.18.11.jar)
WARNING: If a serviceability tool is in use, please run with -XX:+EnableDynamicAgentLoading to hide this warning
WARNING: If a serviceability tool is not in use, please run with -Djdk.instrument.traceUsage for more information
WARNING: Dynamic loading of agents will be disallowed by default in a future release
]]></system-err>
  </testcase>
</testsuite>